<?xml version="1.0" encoding="UTF-8"?>
<!-- Generated by org.testng.reporters.JUnitReportReporter -->
<testsuite skipped="0" hostname="DESKTOP-MV6L4GQ" name="day34.ApiTestingDemo" tests="1" failures="0" timestamp="2022-08-05T06:33:08 IST" time="1.433" errors="0">
  <testcase name="apitesting" time="1.433" classname="day34.ApiTestingDemo"/>
  <system-out/>
</testsuite> <!-- day34.ApiTestingDemo -->
